SF:lib\features\surah\data\models\surah_res.dart
DA:18,2
DA:19,2
LF:2
LH:2
end_of_record
SF:lib\features\surah\data\models\surah_res.g.dart
DA:9,2
DA:10,2
DA:11,2
DA:12,2
DA:13,2
DA:14,2
DA:15,1
DA:16,1
DA:20,1
DA:21,1
DA:22,1
DA:23,1
DA:24,1
DA:25,3
LF:14
LH:14
end_of_record
SF:lib\core\networks\dio_client.dart
DA:35,1
DA:37,1
DA:46,2
DA:55,1
DA:65,2
DA:68,1
DA:76,1
DA:82,2
DA:89,1
DA:92,2
LF:10
LH:10
end_of_record
SF:lib\features\surah\data\datasources\remote_datasource.dart
DA:11,1
DA:13,1
DA:15,3
DA:16,2
LF:4
LH:4
end_of_record
SF:lib\core\errors\exceptions.dart
DA:4,1
DA:10,0
DA:16,0
LF:3
LH:1
end_of_record
SF:lib\core\errors\failure.dart
DA:6,6
DA:8,0
DA:9,0
DA:13,6
DA:17,0
DA:21,6
DA:25,0
DA:29,0
LF:8
LH:3
end_of_record
SF:lib\core\networks\custom_interceptor.dart
DA:10,0
DA:12,0
DA:13,0
DA:16,0
DA:18,0
DA:19,0
DA:22,0
DA:24,0
DA:25,0
LF:9
LH:0
end_of_record
SF:lib\injection.dart
DA:9,0
DA:11,0
DA:13,0
DA:14,0
DA:15,0
DA:21,0
DA:22,0
DA:28,0
DA:31,0
DA:34,0
DA:35,0
LF:11
LH:0
end_of_record
SF:lib\core\networks\endpoint.dart
DA:2,0
DA:4,1
LF:2
LH:1
end_of_record
SF:lib\features\surah\data\models\to_entity\model_to_entity.dart
DA:5,2
DA:6,2
DA:7,2
DA:8,0
DA:10,2
DA:11,2
DA:12,2
DA:13,2
DA:20,1
DA:21,1
DA:22,1
DA:23,1
DA:24,1
DA:25,2
DA:26,2
DA:27,2
DA:33,1
DA:34,1
DA:35,1
DA:36,1
DA:37,2
DA:38,2
DA:44,1
DA:45,1
DA:46,1
DA:47,1
DA:53,1
DA:54,1
DA:55,1
DA:56,1
DA:57,1
DA:63,1
DA:64,1
DA:65,1
LF:34
LH:33
end_of_record
SF:lib\features\surah\data\models\surah.dart
DA:18,2
DA:31,2
DA:41,1
DA:42,1
DA:53,1
DA:54,1
DA:63,2
LF:7
LH:7
end_of_record
SF:lib\features\surah\data\models\surah.g.dart
DA:9,2
DA:10,1
DA:11,1
DA:12,1
DA:13,2
DA:15,2
DA:16,2
DA:19,1
DA:20,1
DA:21,1
DA:22,1
DA:23,1
DA:24,2
DA:25,2
DA:26,2
DA:29,2
DA:30,1
DA:31,1
DA:33,2
DA:35,2
DA:38,1
DA:39,1
DA:40,1
DA:41,1
DA:42,2
DA:43,2
DA:46,1
DA:47,1
DA:48,1
DA:49,1
DA:52,1
DA:53,1
DA:54,1
DA:55,1
DA:58,1
DA:59,1
DA:60,1
DA:61,1
DA:62,1
DA:65,1
DA:66,1
DA:67,1
DA:68,1
DA:69,1
DA:72,2
DA:73,1
DA:76,1
DA:77,1
DA:78,1
LF:49
LH:49
end_of_record
SF:lib\features\surah\data\repository\surah_repository_impl.dart
DA:11,1
DA:13,1
DA:16,2
DA:17,2
DA:18,1
DA:20,1
LF:6
LH:6
end_of_record
SF:lib\main.dart
DA:3,0
DA:4,0
DA:8,2
DA:10,1
DA:12,1
DA:14,1
DA:15,1
DA:24,1
DA:37,1
DA:38,1
DA:44,1
DA:45,2
DA:51,2
DA:55,1
DA:63,1
DA:64,1
DA:68,3
DA:71,3
DA:73,1
DA:76,1
DA:91,1
DA:95,1
DA:96,2
DA:97,3
DA:102,1
DA:103,1
LF:26
LH:24
end_of_record
