SF:lib\features\detail_surah\data\datasources\remote_datasource.dart
DA:11,1
DA:13,1
DA:15,4
DA:17,3
DA:18,1
LF:5
LH:5
end_of_record
SF:lib\features\surah\presentation\logic\blocs\surahs\surah_bloc.dart
DA:13,2
DA:14,2
DA:17,1
DA:21,1
DA:22,2
DA:23,1
DA:24,0
DA:25,4
LF:8
LH:7
end_of_record
SF:lib\core\networks\request_retrier.dart
DA:10,0
DA:12,0
DA:14,0
DA:16,0
DA:17,0
DA:18,0
DA:20,0
DA:21,0
DA:22,0
DA:23,0
DA:24,0
DA:25,0
DA:26,0
DA:27,0
DA:28,0
DA:29,0
DA:30,0
DA:31,0
DA:32,0
DA:33,0
DA:34,0
DA:35,0
DA:36,0
DA:38,0
DA:39,0
DA:40,0
DA:41,0
DA:42,0
DA:43,0
DA:44,0
DA:51,0
LF:31
LH:0
end_of_record
SF:lib\features\surah\data\models\surah_res.dart
DA:18,2
DA:19,2
LF:2
LH:2
end_of_record
SF:lib\features\surah\data\models\surah_res.g.dart
DA:9,2
DA:10,2
DA:11,2
DA:12,2
DA:13,2
DA:14,2
DA:15,1
DA:16,1
DA:20,1
DA:21,1
DA:22,1
DA:23,1
DA:24,1
DA:25,3
LF:14
LH:14
end_of_record
SF:lib\features\detail_surah\data\models\surah_detail_res_model.dart
DA:18,2
DA:19,2
LF:2
LH:2
end_of_record
SF:lib\features\detail_surah\data\models\surah_detail_res_model.g.dart
DA:9,2
DA:11,2
DA:12,2
DA:13,2
DA:14,2
DA:15,4
DA:18,1
DA:20,1
DA:21,1
DA:22,1
DA:23,1
DA:24,2
LF:12
LH:12
end_of_record
SF:lib\features\surah\domain\usecases\get_surahs_usecase.dart
DA:9,1
DA:11,1
DA:12,2
LF:3
LH:3
end_of_record
SF:lib\core\networks\dio_client.dart
DA:35,1
DA:37,1
DA:46,2
DA:55,1
DA:65,2
DA:68,1
DA:76,1
DA:82,2
DA:89,1
DA:92,2
LF:10
LH:10
end_of_record
SF:lib\core\networks\custom_interceptor.dart
DA:13,0
DA:14,0
DA:15,0
DA:16,0
DA:23,0
DA:25,0
DA:26,0
DA:27,0
DA:30,0
DA:32,0
DA:33,0
DA:35,0
DA:38,0
DA:40,0
DA:41,0
DA:42,0
DA:43,0
DA:44,0
DA:45,0
DA:46,0
DA:47,0
DA:48,0
DA:49,0
DA:50,0
DA:51,0
DA:52,0
DA:53,0
DA:55,0
DA:56,0
DA:57,0
DA:59,0
DA:60,0
DA:61,0
DA:64,0
DA:65,0
LF:35
LH:0
end_of_record
SF:lib\core\mixins\interceptor_mixin.dart
DA:6,0
DA:7,0
DA:10,0
DA:11,0
DA:14,0
DA:15,0
DA:18,0
DA:19,0
DA:22,0
DA:23,0
DA:24,0
DA:25,0
DA:26,0
DA:27,0
LF:14
LH:0
end_of_record
SF:lib\features\surah\data\datasources\remote_datasource.dart
DA:14,1
DA:16,1
DA:18,3
DA:23,3
DA:25,1
LF:5
LH:5
end_of_record
SF:lib\core\errors\failure.dart
DA:6,9
DA:8,0
DA:9,0
DA:13,9
DA:17,0
DA:21,9
DA:25,0
DA:29,0
DA:33,9
DA:37,0
DA:41,9
LF:11
LH:5
end_of_record
SF:lib\core\logging\custom_log.dart
DA:8,0
DA:10,0
DA:12,0
DA:13,0
DA:14,0
DA:15,0
DA:16,0
DA:17,0
DA:19,0
DA:20,0
DA:21,0
DA:22,0
DA:23,0
DA:24,0
DA:25,0
DA:26,0
DA:27,0
DA:28,0
LF:18
LH:0
end_of_record
SF:lib\injection.dart
DA:8,0
DA:10,0
DA:12,0
DA:13,0
DA:14,0
DA:15,0
DA:23,0
DA:24,0
DA:25,0
DA:26,0
DA:31,0
DA:33,0
DA:36,0
DA:37,0
DA:40,0
DA:41,0
DA:44,0
DA:45,0
DA:49,0
DA:50,0
DA:54,0
DA:55,0
LF:22
LH:0
end_of_record
SF:lib\core\networks\endpoint.dart
DA:2,0
DA:4,1
LF:2
LH:1
end_of_record
SF:lib\core\routes\app_navigator.dart
DA:9,0
DA:11,0
DA:12,0
DA:15,0
DA:16,0
DA:19,0
DA:24,0
DA:25,0
DA:26,0
DA:30,0
DA:31,0
DA:33,0
DA:36,0
DA:38,0
DA:40,0
DA:43,0
DA:45,0
DA:47,0
DA:51,0
DA:52,0
DA:54,0
LF:21
LH:0
end_of_record
SF:lib\core\routes\app_routes.dart
DA:8,0
DA:10,0
DA:11,0
LF:3
LH:0
end_of_record
SF:lib\core\utils\parser.dart
DA:4,0
DA:12,0
DA:15,0
LF:3
LH:0
end_of_record
SF:lib\features\detail_surah\data\models\surah_detail_model.dart
DA:20,2
DA:21,2
DA:34,2
DA:35,2
DA:45,2
DA:46,2
DA:58,2
DA:59,2
DA:69,2
DA:70,2
DA:81,2
DA:82,2
DA:91,2
DA:92,2
DA:103,2
DA:104,2
DA:113,2
DA:114,2
DA:129,0
DA:130,0
DA:145,0
DA:146,0
DA:156,0
DA:157,0
DA:167,0
DA:168,0
DA:178,0
DA:179,0
DA:189,0
DA:190,0
LF:30
LH:18
end_of_record
SF:lib\features\detail_surah\data\models\surah_detail_model.g.dart
DA:9,2
DA:11,2
DA:12,2
DA:13,2
DA:14,2
DA:15,2
DA:17,4
DA:18,2
DA:20,2
DA:21,2
DA:22,2
DA:24,4
DA:25,2
DA:27,2
DA:28,2
DA:29,2
DA:30,2
DA:31,2
DA:34,1
DA:36,1
DA:37,1
DA:38,1
DA:39,1
DA:40,2
DA:41,2
DA:42,2
DA:43,2
DA:44,3
DA:47,2
DA:48,2
DA:49,2
DA:50,2
DA:51,2
DA:53,2
DA:54,2
DA:55,2
DA:57,2
DA:58,2
DA:61,1
DA:62,1
DA:63,1
DA:64,1
DA:65,2
DA:66,2
DA:69,2
DA:71,2
DA:72,2
DA:73,2
DA:76,1
DA:78,1
DA:79,1
DA:80,1
DA:83,2
DA:85,2
DA:86,2
DA:88,4
DA:89,2
DA:91,2
DA:92,2
DA:93,2
DA:95,4
DA:98,1
DA:100,1
DA:101,2
DA:102,2
DA:103,2
DA:106,2
DA:107,2
DA:108,2
DA:109,2
DA:110,2
DA:111,2
DA:114,1
DA:115,1
DA:116,1
DA:117,1
DA:120,2
DA:121,2
DA:122,2
DA:123,2
DA:125,2
DA:126,2
DA:129,1
DA:130,1
DA:131,1
DA:132,2
DA:135,2
DA:137,2
DA:138,2
DA:141,1
DA:143,1
DA:144,1
DA:147,2
DA:149,2
DA:150,2
DA:151,2
DA:152,2
DA:155,1
DA:157,1
DA:158,1
DA:159,1
DA:160,1
DA:163,2
DA:164,2
DA:165,2
DA:168,1
DA:169,1
DA:170,1
DA:173,0
DA:174,0
DA:175,0
DA:177,0
DA:178,0
DA:180,0
DA:181,0
DA:183,0
DA:184,0
DA:186,0
DA:187,0
DA:188,0
DA:190,0
DA:191,0
DA:193,0
DA:196,0
DA:197,0
DA:198,0
DA:199,0
DA:200,0
DA:201,0
DA:202,0
DA:203,0
DA:206,0
DA:207,0
DA:208,0
DA:209,0
DA:210,0
DA:211,0
DA:212,0
DA:213,0
DA:215,0
DA:218,0
DA:219,0
DA:220,0
DA:221,0
DA:222,0
DA:223,0
DA:224,0
DA:225,0
DA:228,0
DA:229,0
DA:230,0
DA:231,0
DA:234,0
DA:235,0
DA:236,0
DA:237,0
DA:240,0
DA:241,0
DA:242,0
DA:243,0
DA:246,0
DA:247,0
DA:248,0
DA:249,0
DA:252,0
DA:254,0
DA:255,0
DA:257,0
DA:260,0
DA:262,0
DA:263,0
DA:266,0
DA:267,0
DA:268,0
DA:269,0
DA:272,0
DA:273,0
DA:274,0
DA:275,0
LF:179
LH:108
end_of_record
SF:lib\features\detail_surah\data\models\to_entity\model_to_entity.dart
DA:5,1
DA:6,1
DA:7,1
DA:8,1
DA:9,1
DA:10,2
DA:16,1
DA:17,1
DA:18,1
DA:19,1
DA:20,1
DA:21,2
DA:22,2
DA:23,2
DA:24,2
DA:25,3
DA:31,1
DA:32,1
DA:33,1
DA:34,1
DA:35,2
DA:36,2
DA:42,1
DA:43,1
DA:44,1
DA:45,1
DA:51,1
DA:52,1
DA:53,2
DA:54,2
DA:55,2
DA:61,1
DA:62,1
DA:63,1
DA:64,1
DA:70,1
DA:71,1
DA:72,1
DA:73,2
DA:79,1
DA:80,1
DA:81,1
DA:87,1
DA:88,1
DA:89,1
DA:90,1
DA:91,1
DA:97,1
DA:98,1
DA:99,1
DA:105,0
DA:106,0
DA:107,0
DA:108,0
DA:109,0
DA:110,0
DA:116,0
DA:117,0
DA:118,0
DA:119,0
LF:60
LH:50
end_of_record
SF:lib\features\surah\data\models\to_entity\model_to_entity.dart
DA:5,2
DA:6,6
DA:7,2
DA:8,2
DA:9,2
DA:10,2
DA:17,1
DA:18,1
DA:19,1
DA:20,1
DA:21,1
DA:22,2
DA:23,2
DA:24,2
DA:30,1
DA:31,1
DA:32,1
DA:33,1
DA:34,2
DA:35,2
DA:41,1
DA:42,1
DA:43,1
DA:44,1
DA:50,1
DA:51,1
DA:52,1
DA:53,1
DA:54,1
DA:60,1
DA:61,1
DA:62,1
LF:32
LH:32
end_of_record
SF:lib\features\surah\data\models\surah.dart
DA:18,2
DA:31,2
DA:41,1
DA:42,1
DA:53,1
DA:54,1
DA:63,2
LF:7
LH:7
end_of_record
SF:lib\features\surah\data\models\surah.g.dart
DA:9,2
DA:10,1
DA:11,1
DA:12,1
DA:13,2
DA:15,2
DA:16,2
DA:19,1
DA:20,1
DA:21,1
DA:22,1
DA:23,1
DA:24,2
DA:25,2
DA:26,2
DA:29,2
DA:30,1
DA:31,1
DA:33,2
DA:35,2
DA:38,1
DA:39,1
DA:40,1
DA:41,1
DA:42,2
DA:43,2
DA:46,1
DA:47,1
DA:48,1
DA:49,1
DA:52,1
DA:53,1
DA:54,1
DA:55,1
DA:58,1
DA:59,1
DA:60,1
DA:61,1
DA:62,1
DA:65,1
DA:66,1
DA:67,1
DA:68,1
DA:69,1
DA:72,2
DA:73,1
DA:76,1
DA:77,1
DA:78,1
LF:49
LH:49
end_of_record
SF:lib\features\surah\data\repository\surah_repository_impl.dart
DA:10,1
DA:12,1
DA:15,2
DA:16,2
DA:17,1
DA:19,1
DA:21,1
DA:23,1
LF:8
LH:8
end_of_record
SF:lib\features\surah\presentation\pages\home\homepage.dart
DA:12,8
DA:14,0
DA:15,0
DA:21,0
DA:23,0
DA:24,0
DA:27,0
DA:29,0
DA:30,0
DA:31,0
DA:32,0
LF:11
LH:1
end_of_record
SF:lib\features\surah\presentation\pages\home\homepage.component.dart
DA:4,8
DA:6,0
DA:8,0
DA:9,0
DA:10,0
DA:11,0
DA:12,0
DA:13,0
DA:15,0
DA:16,0
DA:17,0
DA:18,0
DA:22,0
DA:37,0
DA:41,0
DA:43,0
DA:44,0
DA:45,0
DA:47,0
DA:53,0
DA:55,0
DA:57,0
DA:58,0
DA:59,0
DA:62,0
DA:63,0
DA:66,0
DA:68,0
DA:69,0
DA:70,0
DA:78,0
DA:80,0
DA:81,0
DA:82,0
DA:85,0
DA:86,0
DA:91,0
LF:37
LH:1
end_of_record
SF:lib\features\surah\presentation\logic\blocs\surahs\surah_state.dart
LF:0
LH:0
end_of_record
SF:lib\features\surah\presentation\logic\blocs\surahs\surah_event.dart
LF:0
LH:0
end_of_record
